Started GET "/" for ::1 at 2023-01-28 10:22:48 +0800
  
ActiveRecord::NoDatabaseError (We could not find your database: simplero_take_home_test_rails_development. Which can be found in the database configuration file located at config/database.yml.

To resolve this issue:

- Did you create the database for this app, or delete it? You may need to create your database.
- Has the database name changed? Check your database.yml config has the correct database name.

To create your database, run:

        bin/rails db:create
):
  
activerecord (7.0.4) lib/active_record/connection_adapters/postgresql_adapter.rb:81:in `rescue in new_client'
activerecord (7.0.4) lib/active_record/connection_adapters/postgresql_adapter.rb:77:in `new_client'
activerecord (7.0.4) lib/active_record/connection_adapters/postgresql_adapter.rb:37:in `postgresql_connection'
activerecord (7.0.4) lib/active_record/connection_adapters/abstract/connection_pool.rb:656:in `public_send'
activerecord (7.0.4) lib/active_record/connection_adapters/abstract/connection_pool.rb:656:in `new_connection'
activerecord (7.0.4) lib/active_record/connection_adapters/abstract/connection_pool.rb:700:in `checkout_new_connection'
activerecord (7.0.4) lib/active_record/connection_adapters/abstract/connection_pool.rb:679:in `try_to_checkout_new_connection'
activerecord (7.0.4) lib/active_record/connection_adapters/abstract/connection_pool.rb:640:in `acquire_connection'
activerecord (7.0.4) lib/active_record/connection_adapters/abstract/connection_pool.rb:341:in `checkout'
activerecord (7.0.4) lib/active_record/connection_adapters/abstract/connection_pool.rb:181:in `connection'
activerecord (7.0.4) lib/active_record/connection_adapters/abstract/connection_handler.rb:211:in `retrieve_connection'
activerecord (7.0.4) lib/active_record/connection_handling.rb:313:in `retrieve_connection'
activerecord (7.0.4) lib/active_record/connection_handling.rb:280:in `connection'
activerecord (7.0.4) lib/active_record/migration.rb:613:in `connection'
activerecord (7.0.4) lib/active_record/migration.rb:608:in `build_watcher'
activerecord (7.0.4) lib/active_record/migration.rb:590:in `block in call'
activerecord (7.0.4) lib/active_record/migration.rb:589:in `synchronize'
activerecord (7.0.4) lib/active_record/migration.rb:589:in `call'
actionpack (7.0.4) lib/action_dispatch/middleware/callbacks.rb:27:in `block in call'
activesupport (7.0.4) lib/active_support/callbacks.rb:99:in `run_callbacks'
actionpack (7.0.4) lib/action_dispatch/middleware/callbacks.rb:26:in `call'
actionpack (7.0.4) lib/action_dispatch/middleware/executor.rb:14:in `call'
actionpack (7.0.4) lib/action_dispatch/middleware/actionable_exceptions.rb:17:in `call'
actionpack (7.0.4) lib/action_dispatch/middleware/debug_exceptions.rb:28:in `call'
web-console (4.2.0) lib/web_console/middleware.rb:132:in `call_app'
web-console (4.2.0) lib/web_console/middleware.rb:28:in `block in call'
web-console (4.2.0) lib/web_console/middleware.rb:17:in `catch'
web-console (4.2.0) lib/web_console/middleware.rb:17:in `call'
actionpack (7.0.4) lib/action_dispatch/middleware/show_exceptions.rb:26:in `call'
railties (7.0.4) lib/rails/rack/logger.rb:40:in `call_app'
railties (7.0.4) lib/rails/rack/logger.rb:25:in `block in call'
activesupport (7.0.4) lib/active_support/tagged_logging.rb:99:in `block in tagged'
activesupport (7.0.4) lib/active_support/tagged_logging.rb:37:in `tagged'
activesupport (7.0.4) lib/active_support/tagged_logging.rb:99:in `tagged'
railties (7.0.4) lib/rails/rack/logger.rb:25:in `call'
sprockets-rails (3.4.2) lib/sprockets/rails/quiet_assets.rb:13:in `call'
actionpack (7.0.4) lib/action_dispatch/middleware/remote_ip.rb:93:in `call'
actionpack (7.0.4) lib/action_dispatch/middleware/request_id.rb:26:in `call'
rack (2.2.4) lib/rack/method_override.rb:24:in `call'
rack (2.2.4) lib/rack/runtime.rb:22:in `call'
activesupport (7.0.4) lib/active_support/cache/strategy/local_cache_middleware.rb:29:in `call'
actionpack (7.0.4) lib/action_dispatch/middleware/server_timing.rb:61:in `block in call'
actionpack (7.0.4) lib/action_dispatch/middleware/server_timing.rb:26:in `collect_events'
actionpack (7.0.4) lib/action_dispatch/middleware/server_timing.rb:60:in `call'
actionpack (7.0.4) lib/action_dispatch/middleware/executor.rb:14:in `call'
actionpack (7.0.4) lib/action_dispatch/middleware/static.rb:23:in `call'
rack (2.2.4) lib/rack/sendfile.rb:110:in `call'
actionpack (7.0.4) lib/action_dispatch/middleware/host_authorization.rb:137:in `call'
railties (7.0.4) lib/rails/engine.rb:530:in `call'
puma (5.6.5) lib/puma/configuration.rb:252:in `call'
puma (5.6.5) lib/puma/request.rb:77:in `block in handle_request'
puma (5.6.5) lib/puma/thread_pool.rb:340:in `with_force_shutdown'
puma (5.6.5) lib/puma/request.rb:76:in `handle_request'
puma (5.6.5) lib/puma/server.rb:443:in `process_client'
puma (5.6.5) lib/puma/thread_pool.rb:147:in `block in spawn_thread'
Started POST "/rails/actions" for ::1 at 2023-01-28 10:22:53 +0800
  [1m[35m (309.5ms)[0m  [1m[35mCREATE DATABASE "simplero_take_home_test_rails_development" ENCODING = 'unicode'[0m
  [1m[35m (49.7ms)[0m  [1m[35mCREATE DATABASE "simplero_take_home_test_rails_test" ENCODING = 'unicode'[0m
Started GET "/" for ::1 at 2023-01-28 10:22:53 +0800
Processing by Rails::WelcomeController#index as HTML
  Rendering /home/jed/.rbenv/versions/3.1.2/lib/ruby/gems/3.1.0/gems/railties-7.0.4/lib/rails/templates/rails/welcome/index.html.erb
  Rendered /home/jed/.rbenv/versions/3.1.2/lib/ruby/gems/3.1.0/gems/railties-7.0.4/lib/rails/templates/rails/welcome/index.html.erb (Duration: 3.9ms | Allocations: 307)
Completed 200 OK in 22ms (Views: 8.6ms | ActiveRecord: 0.0ms | Allocations: 2801)


Started GET "/" for ::1 at 2023-01-28 10:28:30 +0800
Processing by PagesController#login as HTML
  Rendering layout layouts/application.html.erb
  Rendering pages/login.html.erb within layouts/application
  Rendered pages/login.html.erb within layouts/application (Duration: 1.1ms | Allocations: 336)
  Rendered layout layouts/application.html.erb (Duration: 14.7ms | Allocations: 5498)
Completed 500 Internal Server Error in 26ms (ActiveRecord: 0.0ms | Allocations: 8844)


  
ActionView::Template::Error (The asset "tailwind.css" is not present in the asset pipeline.
):
     5:     <meta name="viewport" content="width=device-width,initial-scale=1">
     6:     <%= csrf_meta_tags %>
     7:     <%= csp_meta_tag %>
     8:     <%= stylesheet_link_tag "tailwind", "inter-font", "data-turbo-track": "reload" %>
     9: 
    10:     <%= stylesheet_link_tag "application", "data-turbo-track": "reload" %>
    11:     <%= javascript_importmap_tags %>
  
app/views/layouts/application.html.erb:8
Started GET "/" for ::1 at 2023-01-28 10:29:03 +0800
Processing by PagesController#login as HTML
  Rendering layout layouts/application.html.erb
  Rendering pages/login.html.erb within layouts/application
  Rendered pages/login.html.erb within layouts/application (Duration: 1.1ms | Allocations: 336)
  Rendered layout layouts/application.html.erb (Duration: 7.5ms | Allocations: 5498)
Completed 500 Internal Server Error in 21ms (ActiveRecord: 0.0ms | Allocations: 8844)


  
ActionView::Template::Error (The asset "tailwind.css" is not present in the asset pipeline.
):
     5:     <meta name="viewport" content="width=device-width,initial-scale=1">
     6:     <%= csrf_meta_tags %>
     7:     <%= csp_meta_tag %>
     8:     <%= stylesheet_link_tag "tailwind", "inter-font", "data-turbo-track": "reload" %>
     9: 
    10:     <%= stylesheet_link_tag "application", "data-turbo-track": "reload" %>
    11:     <%= javascript_importmap_tags %>
  
app/views/layouts/application.html.erb:8
Started GET "/" for ::1 at 2023-01-28 10:31:18 +0800
Processing by PagesController#login as HTML
  Rendering layout layouts/application.html.erb
  Rendering pages/login.html.erb within layouts/application
  Rendered pages/login.html.erb within layouts/application (Duration: 1.1ms | Allocations: 336)
  Rendered layout layouts/application.html.erb (Duration: 319.2ms | Allocations: 130092)
Completed 200 OK in 331ms (Views: 322.9ms | ActiveRecord: 0.0ms | Allocations: 133486)


Started GET "/" for ::1 at 2023-01-28 10:35:02 +0800
Processing by PagesController#login as HTML
  Rendering layout layouts/application.html.erb
  Rendering pages/login.html.erb within layouts/application
  Rendered pages/login.html.erb within layouts/application (Duration: 1.5ms | Allocations: 336)
  Rendered layout layouts/application.html.erb (Duration: 224.6ms | Allocations: 83617)
Completed 200 OK in 236ms (Views: 228.5ms | ActiveRecord: 0.0ms | Allocations: 87009)


  [1m[35m (14.1ms)[0m  [1m[35mCREATE TABLE "schema_migrations" ("version" character varying NOT NULL PRIMARY KEY)[0m
  [1m[35m (12.0ms)[0m  [1m[35mCREATE TABLE "ar_internal_metadata" ("key" character varying NOT NULL PRIMARY KEY, "value" character varying, "created_at" timestamp(6) NOT NULL, "updated_at" timestamp(6) NOT NULL)[0m
  [1m[35m (0.4ms)[0m  [1m[34mSELECT pg_try_advisory_lock(8183932473577995435)[0m
  [1m[36mActiveRecord::SchemaMigration Pluck (1.1ms)[0m  [1m[34mSELECT "schema_migrations"."version" FROM "schema_migrations" ORDER BY "schema_migrations"."version" ASC[0m
Migrating to CreateGroups (20230128024305)
  [1m[36mTRANSACTION (0.5ms)[0m  [1m[35mBEGIN[0m
  [1m[35m (9.7ms)[0m  [1m[35mCREATE TABLE "groups" ("id" bigserial primary key, "name" character varying, "created_at" timestamp(6) NOT NULL, "updated_at" timestamp(6) NOT NULL)[0m
  [1m[36mActiveRecord::SchemaMigration Create (1.7ms)[0m  [1m[32mINSERT INTO "schema_migrations" ("version") VALUES ($1) RETURNING "version"[0m  [["version", "20230128024305"]]
  [1m[36mTRANSACTION (11.0ms)[0m  [1m[35mCOMMIT[0m
  [1m[36mActiveRecord::InternalMetadata Load (1.1ms)[0m  [1m[34mSELECT "ar_internal_metadata".* FROM "ar_internal_metadata" WHERE "ar_internal_metadata"."key" = $1 LIMIT $2[0m  [["key", "environment"], ["LIMIT", 1]]
  [1m[36mTRANSACTION (0.3ms)[0m  [1m[35mBEGIN[0m
  [1m[36mActiveRecord::InternalMetadata Create (1.4ms)[0m  [1m[32mINSERT INTO "ar_internal_metadata" ("key", "value", "created_at", "updated_at") VALUES ($1, $2, $3, $4) RETURNING "key"[0m  [["key", "environment"], ["value", "development"], ["created_at", "2023-01-28 02:43:15.439375"], ["updated_at", "2023-01-28 02:43:15.439375"]]
  [1m[36mTRANSACTION (3.0ms)[0m  [1m[35mCOMMIT[0m
  [1m[35m (0.4ms)[0m  [1m[34mSELECT pg_advisory_unlock(8183932473577995435)[0m
  [1m[36mActiveRecord::SchemaMigration Pluck (0.6ms)[0m  [1m[34mSELECT "schema_migrations"."version" FROM "schema_migrations" ORDER BY "schema_migrations"."version" ASC[0m
Started GET "/" for ::1 at 2023-01-28 10:43:19 +0800
  [1m[36mActiveRecord::SchemaMigration Pluck (0.6ms)[0m  [1m[34mSELECT "schema_migrations"."version" FROM "schema_migrations" ORDER BY "schema_migrations"."version" ASC[0m
Processing by PagesController#login as HTML
  Rendering layout layouts/application.html.erb
  Rendering pages/login.html.erb within layouts/application
  Rendered pages/login.html.erb within layouts/application (Duration: 0.8ms | Allocations: 129)
  Rendered layout layouts/application.html.erb (Duration: 20.3ms | Allocations: 24195)
Completed 200 OK in 23ms (Views: 22.3ms | ActiveRecord: 0.0ms | Allocations: 25169)


Started GET "/posts" for ::1 at 2023-01-28 10:43:22 +0800
  
ActionController::RoutingError (No route matches [GET] "/posts"):
  
Started GET "/groups" for ::1 at 2023-01-28 10:43:28 +0800
Processing by GroupsController#index as HTML
  Rendering layout layouts/application.html.erb
  Rendering groups/index.html.erb within layouts/application
  [1m[36mGroup Load (0.6ms)[0m  [1m[34mSELECT "groups".* FROM "groups"[0m
  ↳ app/views/groups/index.html.erb:12
  Rendered collection of templates [0 times] (Duration: 0.0ms | Allocations: 27)
  Rendered groups/index.html.erb within layouts/application (Duration: 4.9ms | Allocations: 3187)
  Rendered layout layouts/application.html.erb (Duration: 10.7ms | Allocations: 10098)
Completed 200 OK in 17ms (Views: 13.0ms | ActiveRecord: 0.6ms | Allocations: 11713)


  [1m[35m (0.5ms)[0m  [1m[34mSELECT pg_try_advisory_lock(8183932473577995435)[0m
  [1m[36mActiveRecord::SchemaMigration Pluck (1.1ms)[0m  [1m[34mSELECT "schema_migrations"."version" FROM "schema_migrations" ORDER BY "schema_migrations"."version" ASC[0m
Migrating to CreatePosts (20230128024421)
  [1m[36mTRANSACTION (0.4ms)[0m  [1m[35mBEGIN[0m
  [1m[35m (14.8ms)[0m  [1m[35mCREATE TABLE "posts" ("id" bigserial primary key, "title" character varying, "content" text, "created_at" timestamp(6) NOT NULL, "updated_at" timestamp(6) NOT NULL)[0m
  [1m[36mActiveRecord::SchemaMigration Create (0.8ms)[0m  [1m[32mINSERT INTO "schema_migrations" ("version") VALUES ($1) RETURNING "version"[0m  [["version", "20230128024421"]]
  [1m[36mTRANSACTION (2.4ms)[0m  [1m[35mCOMMIT[0m
Migrating to CreateComments (20230128024527)
  [1m[36mTRANSACTION (0.3ms)[0m  [1m[35mBEGIN[0m
  [1m[35m (13.9ms)[0m  [1m[35mCREATE TABLE "comments" ("id" bigserial primary key, "remark" text, "created_at" timestamp(6) NOT NULL, "updated_at" timestamp(6) NOT NULL)[0m
  [1m[36mActiveRecord::SchemaMigration Create (0.4ms)[0m  [1m[32mINSERT INTO "schema_migrations" ("version") VALUES ($1) RETURNING "version"[0m  [["version", "20230128024527"]]
  [1m[36mTRANSACTION (2.0ms)[0m  [1m[35mCOMMIT[0m
Migrating to AddGroupIdToPosts (20230128025550)
  [1m[36mTRANSACTION (0.3ms)[0m  [1m[35mBEGIN[0m
  [1m[35m (1.0ms)[0m  [1m[35mALTER TABLE "posts" ADD "group_id" integer[0m
  [1m[35m (5.5ms)[0m  [1m[35mCREATE INDEX "index_posts_on_group_id" ON "posts" ("group_id")[0m
  [1m[36mActiveRecord::SchemaMigration Create (0.6ms)[0m  [1m[32mINSERT INTO "schema_migrations" ("version") VALUES ($1) RETURNING "version"[0m  [["version", "20230128025550"]]
  [1m[36mTRANSACTION (2.1ms)[0m  [1m[35mCOMMIT[0m
Migrating to AddPostIdToComments (20230128025745)
  [1m[36mTRANSACTION (0.3ms)[0m  [1m[35mBEGIN[0m
  [1m[35m (0.5ms)[0m  [1m[35mALTER TABLE "comments" ADD "post_id" integer[0m
  [1m[35m (4.3ms)[0m  [1m[35mCREATE INDEX "index_comments_on_post_id" ON "comments" ("post_id")[0m
  [1m[36mActiveRecord::SchemaMigration Create (0.4ms)[0m  [1m[32mINSERT INTO "schema_migrations" ("version") VALUES ($1) RETURNING "version"[0m  [["version", "20230128025745"]]
  [1m[36mTRANSACTION (1.7ms)[0m  [1m[35mCOMMIT[0m
  [1m[36mActiveRecord::InternalMetadata Load (0.5ms)[0m  [1m[34mSELECT "ar_internal_metadata".* FROM "ar_internal_metadata" WHERE "ar_internal_metadata"."key" = $1 LIMIT $2[0m  [["key", "environment"], ["LIMIT", 1]]
  [1m[35m (0.5ms)[0m  [1m[34mSELECT pg_advisory_unlock(8183932473577995435)[0m
  [1m[36mActiveRecord::SchemaMigration Pluck (0.6ms)[0m  [1m[34mSELECT "schema_migrations"."version" FROM "schema_migrations" ORDER BY "schema_migrations"."version" ASC[0m
Started GET "/groups" for ::1 at 2023-01-28 11:01:38 +0800
  [1m[36mActiveRecord::SchemaMigration Pluck (0.6ms)[0m  [1m[34mSELECT "schema_migrations"."version" FROM "schema_migrations" ORDER BY "schema_migrations"."version" ASC[0m
Processing by GroupsController#index as HTML
  Rendering layout layouts/application.html.erb
  Rendering groups/index.html.erb within layouts/application
  [1m[36mGroup Load (0.8ms)[0m  [1m[34mSELECT "groups".* FROM "groups"[0m
  ↳ app/views/groups/index.html.erb:12
  Rendered collection of templates [0 times] (Duration: 0.0ms | Allocations: 19)
  Rendered groups/index.html.erb within layouts/application (Duration: 6.9ms | Allocations: 3031)
  Rendered layout layouts/application.html.erb (Duration: 30.2ms | Allocations: 23975)
Completed 200 OK in 43ms (Views: 32.1ms | ActiveRecord: 0.8ms | Allocations: 27066)


Started GET "/groups/new" for ::1 at 2023-01-28 11:01:39 +0800
Processing by GroupsController#new as HTML
  Rendering layout layouts/application.html.erb
  Rendering groups/new.html.erb within layouts/application
  Rendered groups/_form.html.erb (Duration: 24.0ms | Allocations: 5787)
  Rendered groups/new.html.erb within layouts/application (Duration: 35.4ms | Allocations: 6129)
  Rendered layout layouts/application.html.erb (Duration: 44.3ms | Allocations: 12833)
Completed 200 OK in 66ms (Views: 45.1ms | ActiveRecord: 4.3ms | Allocations: 16578)


Started POST "/groups" for ::1 at 2023-01-28 11:01:53 +0800
Processing by GroupsController#create as TURBO_STREAM
  Parameters: {"authenticity_token"=>"[FILTERED]", "group"=>{"name"=>"Calvin's Teaching Group"}, "commit"=>"Create Group"}
  [1m[36mTRANSACTION (0.3ms)[0m  [1m[35mBEGIN[0m
  ↳ app/controllers/groups_controller.rb:27:in `block in create'
  [1m[36mGroup Create (0.9ms)[0m  [1m[32mINSERT INTO "groups" ("name", "created_at", "updated_at") VALUES ($1, $2, $3) RETURNING "id"[0m  [["name", "Calvin's Teaching Group"], ["created_at", "2023-01-28 03:01:53.082032"], ["updated_at", "2023-01-28 03:01:53.082032"]]
  ↳ app/controllers/groups_controller.rb:27:in `block in create'
  [1m[36mTRANSACTION (1.9ms)[0m  [1m[35mCOMMIT[0m
  ↳ app/controllers/groups_controller.rb:27:in `block in create'
Redirected to http://localhost:3000/groups/1
Completed 302 Found in 14ms (ActiveRecord: 3.1ms | Allocations: 5607)


Started GET "/groups/1" for ::1 at 2023-01-28 11:01:53 +0800
Processing by GroupsController#show as TURBO_STREAM
  Parameters: {"id"=>"1"}
  [1m[36mGroup Load (0.6ms)[0m  [1m[34mSELECT "groups".* FROM "groups" WHERE "groups"."id" = $1 LIMIT $2[0m  [["id", 1], ["LIMIT", 1]]
  ↳ app/controllers/groups_controller.rb:63:in `set_group'
  Rendering layout layouts/application.html.erb
  Rendering groups/show.html.erb within layouts/application
  Rendered groups/_group.html.erb (Duration: 1.4ms | Allocations: 291)
  Rendered groups/show.html.erb within layouts/application (Duration: 10.6ms | Allocations: 3343)
  Rendered layout layouts/application.html.erb (Duration: 21.1ms | Allocations: 10032)
Completed 200 OK in 27ms (Views: 21.8ms | ActiveRecord: 0.9ms | Allocations: 12881)


Started GET "/groups" for ::1 at 2023-01-28 11:01:54 +0800
Processing by GroupsController#index as HTML
  Rendering layout layouts/application.html.erb
  Rendering groups/index.html.erb within layouts/application
  [1m[36mGroup Load (0.4ms)[0m  [1m[34mSELECT "groups".* FROM "groups"[0m
  ↳ app/views/groups/index.html.erb:12
  Rendered collection of groups/_group.html.erb [1 times] (Duration: 1.5ms | Allocations: 347)
  Rendered groups/index.html.erb within layouts/application (Duration: 5.5ms | Allocations: 3037)
  Rendered layout layouts/application.html.erb (Duration: 12.6ms | Allocations: 9628)
Completed 200 OK in 15ms (Views: 14.4ms | ActiveRecord: 0.4ms | Allocations: 9940)


Started GET "/groups/new" for ::1 at 2023-01-28 11:01:55 +0800
Processing by GroupsController#new as HTML
  Rendering layout layouts/application.html.erb
  Rendering groups/new.html.erb within layouts/application
  Rendered groups/_form.html.erb (Duration: 2.2ms | Allocations: 2485)
  Rendered groups/new.html.erb within layouts/application (Duration: 2.5ms | Allocations: 2584)
  Rendered layout layouts/application.html.erb (Duration: 10.0ms | Allocations: 9277)
Completed 200 OK in 12ms (Views: 11.3ms | ActiveRecord: 0.0ms | Allocations: 9553)


Started POST "/groups" for ::1 at 2023-01-28 11:02:01 +0800
Processing by GroupsController#create as TURBO_STREAM
  Parameters: {"authenticity_token"=>"[FILTERED]", "group"=>{"name"=>"My group"}, "commit"=>"Create Group"}
  [1m[36mTRANSACTION (0.4ms)[0m  [1m[35mBEGIN[0m
  ↳ app/controllers/groups_controller.rb:27:in `block in create'
  [1m[36mGroup Create (0.4ms)[0m  [1m[32mINSERT INTO "groups" ("name", "created_at", "updated_at") VALUES ($1, $2, $3) RETURNING "id"[0m  [["name", "My group"], ["created_at", "2023-01-28 03:02:01.261294"], ["updated_at", "2023-01-28 03:02:01.261294"]]
  ↳ app/controllers/groups_controller.rb:27:in `block in create'
  [1m[36mTRANSACTION (2.1ms)[0m  [1m[35mCOMMIT[0m
  ↳ app/controllers/groups_controller.rb:27:in `block in create'
Redirected to http://localhost:3000/groups/2
Completed 302 Found in 11ms (ActiveRecord: 2.8ms | Allocations: 4057)


Started GET "/groups/2" for ::1 at 2023-01-28 11:02:01 +0800
Processing by GroupsController#show as TURBO_STREAM
  Parameters: {"id"=>"2"}
  [1m[36mGroup Load (0.4ms)[0m  [1m[34mSELECT "groups".* FROM "groups" WHERE "groups"."id" = $1 LIMIT $2[0m  [["id", 2], ["LIMIT", 1]]
  ↳ app/controllers/groups_controller.rb:63:in `set_group'
  Rendering layout layouts/application.html.erb
  Rendering groups/show.html.erb within layouts/application
  Rendered groups/_group.html.erb (Duration: 0.1ms | Allocations: 19)
  Rendered groups/show.html.erb within layouts/application (Duration: 2.0ms | Allocations: 2258)
  Rendered layout layouts/application.html.erb (Duration: 8.4ms | Allocations: 8960)
Completed 200 OK in 13ms (Views: 10.2ms | ActiveRecord: 0.4ms | Allocations: 9731)


Started GET "/groups" for ::1 at 2023-01-28 11:02:02 +0800
Processing by GroupsController#index as HTML
  Rendering layout layouts/application.html.erb
  Rendering groups/index.html.erb within layouts/application
  [1m[36mGroup Load (0.4ms)[0m  [1m[34mSELECT "groups".* FROM "groups"[0m
  ↳ app/views/groups/index.html.erb:12
  Rendered collection of groups/_group.html.erb [2 times] (Duration: 0.3ms | Allocations: 219)
  Rendered groups/index.html.erb within layouts/application (Duration: 3.7ms | Allocations: 2775)
  Rendered layout layouts/application.html.erb (Duration: 10.3ms | Allocations: 9366)
Completed 200 OK in 11ms (Views: 10.6ms | ActiveRecord: 0.4ms | Allocations: 9636)


Started GET "/groups/new" for ::1 at 2023-01-28 11:02:03 +0800
Processing by GroupsController#new as HTML
  Rendering layout layouts/application.html.erb
  Rendering groups/new.html.erb within layouts/application
  Rendered groups/_form.html.erb (Duration: 1.9ms | Allocations: 2416)
  Rendered groups/new.html.erb within layouts/application (Duration: 2.6ms | Allocations: 2514)
  Rendered layout layouts/application.html.erb (Duration: 9.3ms | Allocations: 9215)
Completed 200 OK in 10ms (Views: 10.1ms | ActiveRecord: 0.0ms | Allocations: 9487)


Started POST "/groups" for ::1 at 2023-01-28 11:02:12 +0800
Processing by GroupsController#create as TURBO_STREAM
  Parameters: {"authenticity_token"=>"[FILTERED]", "group"=>{"name"=>"Welcome to Simplero!"}, "commit"=>"Create Group"}
  [1m[36mTRANSACTION (0.4ms)[0m  [1m[35mBEGIN[0m
  ↳ app/controllers/groups_controller.rb:27:in `block in create'
  [1m[36mGroup Create (0.5ms)[0m  [1m[32mINSERT INTO "groups" ("name", "created_at", "updated_at") VALUES ($1, $2, $3) RETURNING "id"[0m  [["name", "Welcome to Simplero!"], ["created_at", "2023-01-28 03:02:12.809845"], ["updated_at", "2023-01-28 03:02:12.809845"]]
  ↳ app/controllers/groups_controller.rb:27:in `block in create'
  [1m[36mTRANSACTION (2.2ms)[0m  [1m[35mCOMMIT[0m
  ↳ app/controllers/groups_controller.rb:27:in `block in create'
Redirected to http://localhost:3000/groups/3
Completed 302 Found in 9ms (ActiveRecord: 3.0ms | Allocations: 3943)


Started GET "/groups/3" for ::1 at 2023-01-28 11:02:12 +0800
Processing by GroupsController#show as TURBO_STREAM
  Parameters: {"id"=>"3"}
  [1m[36mGroup Load (0.4ms)[0m  [1m[34mSELECT "groups".* FROM "groups" WHERE "groups"."id" = $1 LIMIT $2[0m  [["id", 3], ["LIMIT", 1]]
  ↳ app/controllers/groups_controller.rb:63:in `set_group'
  Rendering layout layouts/application.html.erb
  Rendering groups/show.html.erb within layouts/application
  Rendered groups/_group.html.erb (Duration: 0.1ms | Allocations: 19)
  Rendered groups/show.html.erb within layouts/application (Duration: 2.4ms | Allocations: 2242)
  Rendered layout layouts/application.html.erb (Duration: 9.4ms | Allocations: 8834)
Completed 200 OK in 13ms (Views: 10.1ms | ActiveRecord: 0.4ms | Allocations: 9591)


Started GET "/groups" for ::1 at 2023-01-28 11:02:13 +0800
Processing by GroupsController#index as HTML
  Rendering layout layouts/application.html.erb
  Rendering groups/index.html.erb within layouts/application
  [1m[36mGroup Load (0.5ms)[0m  [1m[34mSELECT "groups".* FROM "groups"[0m
  ↳ app/views/groups/index.html.erb:12
  Rendered collection of groups/_group.html.erb [3 times] (Duration: 0.5ms | Allocations: 322)
  Rendered groups/index.html.erb within layouts/application (Duration: 5.0ms | Allocations: 2870)
  Rendered layout layouts/application.html.erb (Duration: 11.3ms | Allocations: 9460)
Completed 200 OK in 12ms (Views: 11.6ms | ActiveRecord: 0.5ms | Allocations: 9730)


Started GET "/groups" for ::1 at 2023-01-28 11:07:07 +0800
Processing by GroupsController#index as HTML
  Rendering layout layouts/application.html.erb
  Rendering groups/index.html.erb within layouts/application
  [1m[36mGroup Load (0.5ms)[0m  [1m[34mSELECT "groups".* FROM "groups"[0m
  ↳ app/views/groups/index.html.erb:15
  Rendered collection of groups/_group.html.erb [3 times] (Duration: 1.0ms | Allocations: 438)
  Rendered groups/index.html.erb within layouts/application (Duration: 6.6ms | Allocations: 4198)
  Rendered layout layouts/application.html.erb (Duration: 15.1ms | Allocations: 11198)
Completed 200 OK in 18ms (Views: 16.8ms | ActiveRecord: 0.5ms | Allocations: 12050)


Started GET "/groups" for ::1 at 2023-01-28 11:07:08 +0800
Processing by GroupsController#index as HTML
  Rendering layout layouts/application.html.erb
  Rendering groups/index.html.erb within layouts/application
  [1m[36mGroup Load (0.5ms)[0m  [1m[34mSELECT "groups".* FROM "groups"[0m
  ↳ app/views/groups/index.html.erb:15
  Rendered collection of groups/_group.html.erb [3 times] (Duration: 0.3ms | Allocations: 199)
  Rendered groups/index.html.erb within layouts/application (Duration: 4.4ms | Allocations: 2812)
  Rendered layout layouts/application.html.erb (Duration: 10.2ms | Allocations: 9401)
Completed 200 OK in 12ms (Views: 10.9ms | ActiveRecord: 0.5ms | Allocations: 9694)


Started GET "/groups" for ::1 at 2023-01-28 11:07:54 +0800
Processing by GroupsController#index as HTML
  Rendering layout layouts/application.html.erb
  Rendering groups/index.html.erb within layouts/application
  [1m[36mGroup Load (0.4ms)[0m  [1m[34mSELECT "groups".* FROM "groups"[0m
  ↳ app/views/groups/index.html.erb:17
  Rendered collection of groups/_group.html.erb [3 times] (Duration: 1.2ms | Allocations: 436)
  Rendered groups/index.html.erb within layouts/application (Duration: 7.3ms | Allocations: 3790)
  Rendered layout layouts/application.html.erb (Duration: 19.6ms | Allocations: 10906)
Completed 200 OK in 23ms (Views: 21.4ms | ActiveRecord: 0.4ms | Allocations: 11759)


Started GET "/groups" for ::1 at 2023-01-28 11:07:56 +0800
Processing by GroupsController#index as HTML
  Rendering layout layouts/application.html.erb
  Rendering groups/index.html.erb within layouts/application
  [1m[36mGroup Load (0.5ms)[0m  [1m[34mSELECT "groups".* FROM "groups"[0m
  ↳ app/views/groups/index.html.erb:17
  Rendered collection of groups/_group.html.erb [3 times] (Duration: 0.3ms | Allocations: 199)
  Rendered groups/index.html.erb within layouts/application (Duration: 4.6ms | Allocations: 2971)
  Rendered layout layouts/application.html.erb (Duration: 10.7ms | Allocations: 9589)
Completed 200 OK in 12ms (Views: 11.0ms | ActiveRecord: 0.5ms | Allocations: 9883)


Started GET "/groups" for ::1 at 2023-01-28 11:09:23 +0800
Processing by GroupsController#index as HTML
  Rendering layout layouts/application.html.erb
  Rendering groups/index.html.erb within layouts/application
  [1m[36mGroup Load (0.4ms)[0m  [1m[34mSELECT "groups".* FROM "groups"[0m
  ↳ app/views/groups/index.html.erb:17
  Rendered collection of groups/_group.html.erb [3 times] (Duration: 1.0ms | Allocations: 436)
  Rendered groups/index.html.erb within layouts/application (Duration: 5.7ms | Allocations: 3808)
  Rendered layout layouts/application.html.erb (Duration: 16.3ms | Allocations: 10908)
Completed 200 OK in 19ms (Views: 17.9ms | ActiveRecord: 0.4ms | Allocations: 11760)


Started GET "/groups" for ::1 at 2023-01-28 11:10:34 +0800
Processing by GroupsController#index as HTML
  Rendering layout layouts/application.html.erb
  Rendering groups/index.html.erb within layouts/application
  [1m[36mGroup Load (0.2ms)[0m  [1m[34mSELECT "groups".* FROM "groups"[0m
  ↳ app/views/groups/index.html.erb:17
  Rendered collection of groups/_group.html.erb [3 times] (Duration: 0.9ms | Allocations: 440)
  Rendered groups/index.html.erb within layouts/application (Duration: 5.5ms | Allocations: 3791)
  Rendered layout layouts/application.html.erb (Duration: 13.3ms | Allocations: 10899)
Completed 200 OK in 17ms (Views: 15.3ms | ActiveRecord: 0.2ms | Allocations: 11774)


